0 info it worked if it ends with ok
1 verbose cli [ 'C:\\Program Files\\nodejs\\node.exe',
1 verbose cli   'C:\\Program Files\\nodejs\\node_modules\\npm\\bin\\npm-cli.js',
1 verbose cli   'run',
1 verbose cli   'start' ]
2 info using npm@3.8.9
3 info using node@v6.2.0
4 verbose run-script [ 'prestart', 'start', 'poststart' ]
5 info lifecycle trip_backend@0.0.1~prestart: trip_backend@0.0.1
6 silly lifecycle trip_backend@0.0.1~prestart: no script for prestart, continuing
7 info lifecycle trip_backend@0.0.1~start: trip_backend@0.0.1
8 verbose lifecycle trip_backend@0.0.1~start: unsafe-perm in lifecycle true
9 verbose lifecycle trip_backend@0.0.1~start: PATH: C:\Program Files\nodejs\node_modules\npm\bin\node-gyp-bin;E:\Code\dproj\trip_backend\node_modules\.bin;C:\Program Files\nodejs;C:\Python27\;C:\Python27\Scripts;C:\ProgramData\Oracle\Java\javapath;C:\Windows\system32;C:\Windows;C:\Windows\System32\Wbem;C:\Windows\System32\WindowsPowerShell\v1.0\;C:\Program Files (x86)\Skype\Phone\;C:\Go\bin;C:\Program Files\nodejs\;C:\Program Files\Git\cmd;C:\Program Files (x86)\Windows Kits\8.1\Windows Performance Toolkit\;C:\Program Files\Microsoft SQL Server\110\Tools\Binn\;C:\Program Files\Microsoft DNX\Dnvm\;C:\Program Files\Microsoft SQL Server\130\Tools\Binn\;C:\Ruby23-x64\bin;C:\Program Files (x86)\Microsoft VS Code\bin;C:\Users\Dmitry Pavlenko\AppData\Roaming\npm
10 verbose lifecycle trip_backend@0.0.1~start: CWD: E:\Code\dproj\trip_backend
11 silly lifecycle trip_backend@0.0.1~start: Args: [ '/d /s /c', 'nodemon lib/index.js --exec babel-node' ]
12 silly lifecycle trip_backend@0.0.1~start: Returned: code: 1  signal: null
13 info lifecycle trip_backend@0.0.1~start: Failed to exec start script
14 verbose stack Error: trip_backend@0.0.1 start: `nodemon lib/index.js --exec babel-node`
14 verbose stack Exit status 1
14 verbose stack     at EventEmitter.<anonymous> (C:\Program Files\nodejs\node_modules\npm\lib\utils\lifecycle.js:245:16)
14 verbose stack     at emitTwo (events.js:106:13)
14 verbose stack     at EventEmitter.emit (events.js:191:7)
14 verbose stack     at ChildProcess.<anonymous> (C:\Program Files\nodejs\node_modules\npm\lib\utils\spawn.js:24:14)
14 verbose stack     at emitTwo (events.js:106:13)
14 verbose stack     at ChildProcess.emit (events.js:191:7)
14 verbose stack     at maybeClose (internal/child_process.js:850:16)
14 verbose stack     at Process.ChildProcess._handle.onexit (internal/child_process.js:215:5)
15 verbose pkgid trip_backend@0.0.1
16 verbose cwd E:\Code\dproj\trip_backend
17 error Windows_NT 10.0.10586
18 error argv "C:\\Program Files\\nodejs\\node.exe" "C:\\Program Files\\nodejs\\node_modules\\npm\\bin\\npm-cli.js" "run" "start"
19 error node v6.2.0
20 error npm  v3.8.9
21 error code ELIFECYCLE
22 error trip_backend@0.0.1 start: `nodemon lib/index.js --exec babel-node`
22 error Exit status 1
23 error Failed at the trip_backend@0.0.1 start script 'nodemon lib/index.js --exec babel-node'.
23 error Make sure you have the latest version of node.js and npm installed.
23 error If you do, this is most likely a problem with the trip_backend package,
23 error not with npm itself.
23 error Tell the author that this fails on your system:
23 error     nodemon lib/index.js --exec babel-node
23 error You can get information on how to open an issue for this project with:
23 error     npm bugs trip_backend
23 error Or if that isn't available, you can get their info via:
23 error     npm owner ls trip_backend
23 error There is likely additional logging output above.
24 verbose exit [ 1, true ]
